# JRE version: Java(TM) SE Runtime Environment (8.0_192-b12) (build 1.8.0_192-b12)
# Java VM: Java HotSpot(TM) 64-Bit Server VM (25.192-b12 mixed mode windows-amd64 compressed oops)
Heap:
 PSYoungGen      total 480256K, used 320209K [0x000000076b200000, 0x000000078d400000, 0x00000007c0000000)
  eden space 455168K, 64% used [0x000000076b200000,0x000000077d238a70,0x0000000786e80000)
  from space 25088K, 99% used [0x0000000786e80000,0x00000007886fbd38,0x0000000788700000)
  to   space 30208K, 0% used [0x000000078b680000,0x000000078b680000,0x000000078d400000)
 ParOldGen       total 225280K, used 41155K [0x00000006c1600000, 0x00000006cf200000, 0x000000076b200000)
  object space 225280K, 18% used [0x00000006c1600000,0x00000006c3e30c60,0x00000006cf200000)
 Metaspace       used 92639K, capacity 98054K, committed 98304K, reserved 1134592K
  class space    used 12875K, capacity 13782K, committed 13824K, reserved 1048576K
GC Heap History (10 events):
Event: 4.364 GC heap before
{Heap before GC invocations=12 (full 2):
 PSYoungGen      total 285184K, used 259072K [0x000000076b200000, 0x0000000783d80000, 0x00000007c0000000)
  eden space 259072K, 100% used [0x000000076b200000,0x000000077af00000,0x000000077af00000)
  from space 26112K, 0% used [0x000000077af00000,0x000000077af00000,0x000000077c880000)
  to   space 25088K, 0% used [0x0000000782500000,0x0000000782500000,0x0000000783d80000)
 ParOldGen       total 164352K, used 25825K [0x00000006c1600000, 0x00000006cb680000, 0x000000076b200000)
  object space 164352K, 15% used [0x00000006c1600000,0x00000006c2f384a0,0x00000006cb680000)
 Metaspace       used 43353K, capacity 45702K, committed 45824K, reserved 1089536K
  class space    used 5897K, capacity 6333K, committed 6400K, reserved 1048576K
Event: 4.374 GC heap after
Heap after GC invocations=12 (full 2):
 PSYoungGen      total 367616K, used 15340K [0x000000076b200000, 0x0000000783780000, 0x00000007c0000000)
  eden space 348672K, 0% used [0x000000076b200000,0x000000076b200000,0x0000000780680000)
  from space 18944K, 80% used [0x0000000782500000,0x00000007833fb2b8,0x0000000783780000)
  to   space 25088K, 0% used [0x0000000780680000,0x0000000780680000,0x0000000781f00000)
 ParOldGen       total 164352K, used 25833K [0x00000006c1600000, 0x00000006cb680000, 0x000000076b200000)
  object space 164352K, 15% used [0x00000006c1600000,0x00000006c2f3a4a0,0x00000006cb680000)
 Metaspace       used 43353K, capacity 45702K, committed 45824K, reserved 1089536K
  class space    used 5897K, capacity 6333K, committed 6400K, reserved 1048576K
}
Event: 5.462 GC heap before
{Heap before GC invocations=13 (full 2):
 PSYoungGen      total 367616K, used 298784K [0x000000076b200000, 0x0000000783780000, 0x00000007c0000000)
  eden space 348672K, 81% used [0x000000076b200000,0x000000077c6cd128,0x0000000780680000)
  from space 18944K, 80% used [0x0000000782500000,0x00000007833fb2b8,0x0000000783780000)
  to   space 25088K, 0% used [0x0000000780680000,0x0000000780680000,0x0000000781f00000)
 ParOldGen       total 164352K, used 25833K [0x00000006c1600000, 0x00000006cb680000, 0x000000076b200000)
  object space 164352K, 15% used [0x00000006c1600000,0x00000006c2f3a4a0,0x00000006cb680000)
 Metaspace       used 56520K, capacity 59072K, committed 59160K, reserved 1099776K
  class space    used 7829K, capacity 8309K, committed 8320K, reserved 1048576K
Event: 5.472 GC heap after
Heap after GC invocations=13 (full 2):
 PSYoungGen      total 373760K, used 14599K [0x000000076b200000, 0x000000078a500000, 0x00000007c0000000)
  eden space 348672K, 0% used [0x000000076b200000,0x000000076b200000,0x0000000780680000)
  from space 25088K, 58% used [0x0000000780680000,0x00000007814c1f38,0x0000000781f00000)
  to   space 24576K, 0% used [0x0000000788d00000,0x0000000788d00000,0x000000078a500000)
 ParOldGen       total 164352K, used 31865K [0x00000006c1600000, 0x00000006cb680000, 0x000000076b200000)
  object space 164352K, 19% used [0x00000006c1600000,0x00000006c351e670,0x00000006cb680000)
 Metaspace       used 56520K, capacity 59072K, committed 59160K, reserved 1099776K
  class space    used 7829K, capacity 8309K, committed 8320K, reserved 1048576K
}
Event: 5.472 GC heap before
{Heap before GC invocations=14 (full 3):
 PSYoungGen      total 373760K, used 14599K [0x000000076b200000, 0x000000078a500000, 0x00000007c0000000)
  eden space 348672K, 0% used [0x000000076b200000,0x000000076b200000,0x0000000780680000)
  from space 25088K, 58% used [0x0000000780680000,0x00000007814c1f38,0x0000000781f00000)
  to   space 24576K, 0% used [0x0000000788d00000,0x0000000788d00000,0x000000078a500000)
 ParOldGen       total 164352K, used 31865K [0x00000006c1600000, 0x00000006cb680000, 0x000000076b200000)
  object space 164352K, 19% used [0x00000006c1600000,0x00000006c351e670,0x00000006cb680000)
 Metaspace       used 56520K, capacity 59072K, committed 59160K, reserved 1099776K
  class space    used 7829K, capacity 8309K, committed 8320K, reserved 1048576K
Event: 5.585 GC heap after
Heap after GC invocations=14 (full 3):
 PSYoungGen      total 373760K, used 0K [0x000000076b200000, 0x000000078a500000, 0x00000007c0000000)
  eden space 348672K, 0% used [0x000000076b200000,0x000000076b200000,0x0000000780680000)
  from space 25088K, 0% used [0x0000000780680000,0x0000000780680000,0x0000000781f00000)
  to   space 24576K, 0% used [0x0000000788d00000,0x0000000788d00000,0x000000078a500000)
 ParOldGen       total 225280K, used 36850K [0x00000006c1600000, 0x00000006cf200000, 0x000000076b200000)
  object space 225280K, 16% used [0x00000006c1600000,0x00000006c39fc928,0x00000006cf200000)
 Metaspace       used 56520K, capacity 59072K, committed 59160K, reserved 1099776K
  class space    used 7829K, capacity 8309K, committed 8320K, reserved 1048576K
}
Event: 7.320 GC heap before
{Heap before GC invocations=15 (full 3):
 PSYoungGen      total 373760K, used 348672K [0x000000076b200000, 0x000000078a500000, 0x00000007c0000000)
  eden space 348672K, 100% used [0x000000076b200000,0x0000000780680000,0x0000000780680000)
  from space 25088K, 0% used [0x0000000780680000,0x0000000780680000,0x0000000781f00000)
  to   space 24576K, 0% used [0x0000000788d00000,0x0000000788d00000,0x000000078a500000)
 ParOldGen       total 225280K, used 36850K [0x00000006c1600000, 0x00000006cf200000, 0x000000076b200000)
  object space 225280K, 16% used [0x00000006c1600000,0x00000006c39fc928,0x00000006cf200000)
 Metaspace       used 71918K, capacity 75852K, committed 76160K, reserved 1114112K
  class space    used 10119K, capacity 10773K, committed 10880K, reserved 1048576K
Event: 7.330 GC heap after
Heap after GC invocations=15 (full 3):
 PSYoungGen      total 438272K, used 18901K [0x000000076b200000, 0x0000000789f80000, 0x00000007c0000000)
  eden space 419328K, 0% used [0x000000076b200000,0x000000076b200000,0x0000000784b80000)
  from space 18944K, 99% used [0x0000000788d00000,0x0000000789f75768,0x0000000789f80000)
  to   space 25088K, 0% used [0x0000000786e80000,0x0000000786e80000,0x0000000788700000)
 ParOldGen       total 225280K, used 36858K [0x00000006c1600000, 0x00000006cf200000, 0x000000076b200000)
  object space 225280K, 16% used [0x00000006c1600000,0x00000006c39fe928,0x00000006cf200000)
 Metaspace       used 71918K, capacity 75852K, committed 76160K, reserved 1114112K
  class space    used 10119K, capacity 10773K, committed 10880K, reserved 1048576K
}
Event: 9.158 GC heap before
{Heap before GC invocations=16 (full 3):
 PSYoungGen      total 438272K, used 438229K [0x000000076b200000, 0x0000000789f80000, 0x00000007c0000000)
  eden space 419328K, 100% used [0x000000076b200000,0x0000000784b80000,0x0000000784b80000)
  from space 18944K, 99% used [0x0000000788d00000,0x0000000789f75768,0x0000000789f80000)
  to   space 25088K, 0% used [0x0000000786e80000,0x0000000786e80000,0x0000000788700000)
 ParOldGen       total 225280K, used 36858K [0x00000006c1600000, 0x00000006cf200000, 0x000000076b200000)
  object space 225280K, 16% used [0x00000006c1600000,0x00000006c39fe928,0x00000006cf200000)
 Metaspace       used 85393K, capacity 90372K, committed 90624K, reserved 1126400K
  class space    used 11926K, capacity 12774K, committed 12800K, reserved 1048576K
Event: 9.173 GC heap after
Heap after GC invocations=16 (full 3):
 PSYoungGen      total 480256K, used 25071K [0x000000076b200000, 0x000000078d400000, 0x00000007c0000000)
  eden space 455168K, 0% used [0x000000076b200000,0x000000076b200000,0x0000000786e80000)
  from space 25088K, 99% used [0x0000000786e80000,0x00000007886fbd38,0x0000000788700000)
  to   space 30208K, 0% used [0x000000078b680000,0x000000078b680000,0x000000078d400000)
 ParOldGen       total 225280K, used 41155K [0x00000006c1600000, 0x00000006cf200000, 0x000000076b200000)
  object space 225280K, 18% used [0x00000006c1600000,0x00000006c3e30c60,0x00000006cf200000)
 Metaspace       used 85393K, capacity 90372K, committed 90624K, reserved 1126400K
  class space    used 11926K, capacity 12774K, committed 12800K, reserved 1048576K
}

